<?xml version="1.0" encoding="UTF-8"?>
<!-- Generated by org.testng.reporters.JUnitReportReporter -->
<testsuite hostname="yoganandpc" failures="0" tests="1" name="demo.DemoIntegration" time="6.159" errors="0" timestamp="2024-03-01T17:14:18 IST" skipped="0">
  <testcase classname="demo.DemoIntegration" name="TestMethod" time="6.159"/>
  <system-out/>
</testsuite> <!-- demo.DemoIntegration -->
